Successfully loaded sequence with length 617
Predicting T-cell MHC Class I epitopes for accession1 using netmhcpan
Alleles: ['HLA-A*02:01', 'HLA-B*07:02', 'HLA-B*35:01', 'HLA-A*11:01', 'HLA-A*24:02', 'HLA-A*01:01', 'HLA-C*07:01']
Peptide length: 9
Processing allele: HLA-A*02:01
  Calling IEDB API (attempt 1/3)...
Processing allele: HLA-B*07:02
  Calling IEDB API (attempt 1/3)...
  API call failed with status code 403
  Response: <!DOCTYPE HTML PUBLIC "-//IETF//DTD HTML 2.0//EN">
<html><head>
<title>403 Forbidden</title>
</head><body>
<h1>Forbidden</h1>
<p>You don't have permission to access /tools_api/processing/
on this server.</p>
<hr>
<address>Apache/2.4.6 (CentOS) Server at tools-cluster-interface.iedb.org Port 80</address>
</body></html>
...
  Retrying in 5 seconds...
  Calling IEDB API (attempt 2/3)...
Processing allele: HLA-B*35:01
  Calling IEDB API (attempt 1/3)...
Processing allele: HLA-A*11:01
  Calling IEDB API (attempt 1/3)...
Processing allele: HLA-A*24:02
  Calling IEDB API (attempt 1/3)...
Processing allele: HLA-A*01:01
  Calling IEDB API (attempt 1/3)...
Processing allele: HLA-C*07:01
  Calling IEDB API (attempt 1/3)...
Total epitopes found: 84
T-cell MHC-I epitope prediction complete. Found 84 epitopes.
