Traceback (most recent call last):
  File "/Users/putriramadani/Documents/GitHub/automated-insilico-vaccinedesign/bin/screen_epitopes.py", line 100, in <module>
    main()
  File "/Users/putriramadani/Documents/GitHub/automated-insilico-vaccinedesign/bin/screen_epitopes.py", line 89, in main
    allergen = submit_to_allertop(ep, driver)
               ^^^^^^^^^^^^^^^^^^^^^^^^^^^^^^
  File "/Users/putriramadani/Documents/GitHub/automated-insilico-vaccinedesign/bin/screen_epitopes.py", line 28, in submit_to_allertop
    WebDriverWait(driver, 20).until(
  File "/Users/putriramadani/.pyenv/versions/3.12.4/lib/python3.12/site-packages/selenium/webdriver/support/wait.py", line 138, in until
    raise TimeoutException(message, screen, stacktrace)
selenium.common.exceptions.TimeoutException: Message: 
Stacktrace:
0   chromedriver                        0x0000000100b383e0 cxxbridge1$str$ptr + 2829900
1   chromedriver                        0x0000000100b306a8 cxxbridge1$str$ptr + 2797844
2   chromedriver                        0x000000010066dfbc cxxbridge1$string$len + 90140
3   chromedriver                        0x00000001006b51bc cxxbridge1$string$len + 381468
4   chromedriver                        0x00000001006f6044 cxxbridge1$string$len + 647332
5   chromedriver                        0x00000001006a93f8 cxxbridge1$string$len + 332888
6   chromedriver                        0x0000000100afc804 cxxbridge1$str$ptr + 2585200
7   chromedriver                        0x0000000100affad4 cxxbridge1$str$ptr + 2598208
8   chromedriver                        0x0000000100adddd8 cxxbridge1$str$ptr + 2459716
9   chromedriver                        0x0000000100b0034c cxxbridge1$str$ptr + 2600376
10  chromedriver                        0x0000000100acf664 cxxbridge1$str$ptr + 2400464
11  chromedriver                        0x0000000100b202b0 cxxbridge1$str$ptr + 2731292
12  chromedriver                        0x0000000100b2043c cxxbridge1$str$ptr + 2731688
13  chromedriver                        0x0000000100b302f4 cxxbridge1$str$ptr + 2796896
14  libsystem_pthread.dylib             0x000000019356ef94 _pthread_start + 136
15  libsystem_pthread.dylib             0x0000000193569d34 thread_start + 8

