Successfully loaded sequence with length 481
Predicting T-cell MHC Class I epitopes for accession2 using netmhcpan
Alleles: ['HLA-A*02:01', 'HLA-B*07:02', 'HLA-B*35:01', 'HLA-A*11:01', 'HLA-A*24:02', 'HLA-A*01:01', 'HLA-C*07:01']
Peptide length: 9
Processing allele: HLA-A*02:01
  Calling IEDB API (attempt 1/3)...
Processing allele: HLA-B*07:02
  Calling IEDB API (attempt 1/3)...
Processing allele: HLA-B*35:01
  Calling IEDB API (attempt 1/3)...
Processing allele: HLA-A*11:01
  Calling IEDB API (attempt 1/3)...
Processing allele: HLA-A*24:02
  Calling IEDB API (attempt 1/3)...
Processing allele: HLA-A*01:01
  Calling IEDB API (attempt 1/3)...
Processing allele: HLA-C*07:01
  Calling IEDB API (attempt 1/3)...
Total epitopes found: 41
T-cell MHC-I epitope prediction complete. Found 41 epitopes.
