Successfully loaded sequence with length 449
Predicting T-cell MHC Class II epitopes for neuraminidase using netmhciipan
Alleles: ['HLA-DRB1*03:01', 'HLA-DRB1*04:01', 'HLA-DRB1*01:01', 'HLA-DRB1*07:01', 'HLA-DRB1*15:01', 'HLA-DRB1*13:01', 'HLA-DRB1*11:01']
Peptide length: 15
Processing allele: HLA-DRB1*03:01
  Calling IEDB API (attempt 1/3)...
Processing allele: HLA-DRB1*04:01
  Calling IEDB API (attempt 1/3)...
Processing allele: HLA-DRB1*01:01
  Calling IEDB API (attempt 1/3)...
Processing allele: HLA-DRB1*07:01
  Calling IEDB API (attempt 1/3)...
Processing allele: HLA-DRB1*15:01
  Calling IEDB API (attempt 1/3)...
Processing allele: HLA-DRB1*13:01
  Calling IEDB API (attempt 1/3)...
Processing allele: HLA-DRB1*11:01
  Calling IEDB API (attempt 1/3)...
Total epitopes found: 638
T-cell MHC-II epitope prediction complete. Found 638 epitopes.
